2025-11-04 17:52:56 [main] INFO  com.eventos.Main - Iniciando Sistema de Gestión de Eventos v1.0.0
2025-11-04 17:52:56 [main] INFO  com.eventos.Main - Inicializando conexión a base de datos...
2025-11-04 17:52:56 [main] INFO  com.eventos.config.HibernateUtil - Inicializando EntityManagerFactory...
2025-11-04 17:52:58 [main] INFO  com.eventos.config.HibernateUtil - EntityManagerFactory inicializado correctamente
2025-11-04 17:52:58 [main] INFO  com.eventos.Main - Conexión establecida correctamente
2025-11-04 17:52:58 [main] INFO  com.eventos.Main - Sistema listo para usar
2025-11-04 17:52:58 [Thread-1] INFO  com.eventos.Main - Cerrando aplicación...
2025-11-04 17:52:58 [Thread-1] INFO  com.eventos.config.HibernateUtil - Cerrando EntityManagerFactory...
2025-11-04 17:59:38 [main] INFO  com.eventos.Main - Iniciando Sistema de Gestión de Eventos v1.0.0
2025-11-04 17:59:38 [main] INFO  com.eventos.Main - Inicializando conexión a base de datos...
2025-11-04 17:59:38 [main] INFO  com.eventos.config.HibernateUtil - Inicializando EntityManagerFactory...
2025-11-04 17:59:39 [main] INFO  com.eventos.config.HibernateUtil - EntityManagerFactory inicializado correctamente
2025-11-04 17:59:39 [main] INFO  com.eventos.Main - Conexión establecida correctamente
2025-11-04 17:59:39 [main] INFO  com.eventos.Main - Sistema listo para usar
2025-11-04 17:59:39 [Thread-1] INFO  com.eventos.Main - Cerrando aplicación...
2025-11-04 17:59:39 [Thread-1] INFO  com.eventos.config.HibernateUtil - Cerrando EntityManagerFactory...
2025-11-04 18:00:35 [main] INFO  com.eventos.Main - Iniciando Sistema de Gestión de Eventos v1.0.0
2025-11-04 18:00:35 [main] INFO  com.eventos.Main - Inicializando conexión a base de datos...
2025-11-04 18:00:35 [main] INFO  com.eventos.config.HibernateUtil - Inicializando EntityManagerFactory...
2025-11-04 18:00:37 [main] INFO  com.eventos.config.HibernateUtil - EntityManagerFactory inicializado correctamente
2025-11-04 18:00:37 [main] INFO  com.eventos.Main - Conexión establecida correctamente
2025-11-04 18:00:37 [main] INFO  com.eventos.Main - Sistema listo para usar
2025-11-04 18:00:37 [Thread-1] INFO  com.eventos.Main - Cerrando aplicación...
2025-11-04 18:00:37 [Thread-1] INFO  com.eventos.config.HibernateUtil - Cerrando EntityManagerFactory...
2025-11-04 18:01:17 [main] INFO  com.eventos.Main - Iniciando Sistema de Gestión de Eventos v1.0.0
2025-11-04 18:01:17 [main] INFO  com.eventos.Main - Inicializando conexión a base de datos...
2025-11-04 18:01:17 [main] INFO  com.eventos.config.HibernateUtil - Inicializando EntityManagerFactory...
2025-11-04 18:01:18 [main] INFO  com.eventos.config.HibernateUtil - EntityManagerFactory inicializado correctamente
2025-11-04 18:01:18 [main] INFO  com.eventos.Main - Conexión establecida correctamente
2025-11-04 18:01:18 [main] INFO  com.eventos.Main - Sistema listo para usar
2025-11-04 18:01:18 [Thread-1] INFO  com.eventos.Main - Cerrando aplicación...
2025-11-04 18:01:18 [Thread-1] INFO  com.eventos.config.HibernateUtil - Cerrando EntityManagerFactory...
2025-11-04 18:01:53 [main] INFO  com.eventos.Main - Iniciando Sistema de Gestión de Eventos v1.0.0
2025-11-04 18:01:53 [main] INFO  com.eventos.Main - Inicializando conexión a base de datos...
2025-11-04 18:01:53 [main] INFO  com.eventos.config.HibernateUtil - Inicializando EntityManagerFactory...
2025-11-04 18:01:55 [main] INFO  com.eventos.config.HibernateUtil - EntityManagerFactory inicializado correctamente
2025-11-04 18:01:55 [main] INFO  com.eventos.Main - Conexión establecida correctamente
2025-11-04 18:01:55 [main] INFO  com.eventos.Main - Sistema listo para usar
2025-11-04 18:01:55 [Thread-1] INFO  com.eventos.Main - Cerrando aplicación...
2025-11-04 18:01:55 [Thread-1] INFO  com.eventos.config.HibernateUtil - Cerrando EntityManagerFactory...
